<?xml version="1.0" encoding="utf-8"?><testsuites name="pytest tests"><testsuite name="pytest" errors="0" failures="0" skipped="1" tests="65" time="2.936" timestamp="2026-09-08T14:25:10.547117+00:00" hostname="localhost"><testcase classname="tests.test_api" name="test_auth_is_required" time="0.081" /><testcase classname="tests.test_api" name="test_project_ownership" time="0.037" /><testcase classname="tests.test_api" name="test_idempotency_and_outbox" time="0.039" /><testcase classname="tests.test_api" name="test_requirement_snapshot" time="0.035" /><testcase classname="tests.test_api" name="test_approval_requires_state_hash_and_limitations" time="0.048" /><testcase classname="tests.test_api" name="test_litellm_does_not_fall_back" time="0.028" /><testcase classname="tests.test_api" name="test_unconfigured_tools_rejected" time="0.029" /><testcase classname="tests.test_api" name="test_download_not_ready" time="0.034" /><testcase classname="tests.test_api" name="test_coder_admin_boundary" time="0.033" /><testcase classname="tests.test_artifact" name="test_generator_requires_real_bootstrap" time="0.003" /><testcase classname="tests.test_artifact" name="test_generated_vertical_slice" time="1.951" /><testcase classname="tests.test_artifact" name="test_dsl_never_injects_directives" time="0.000" /><testcase classname="tests.test_artifact" name="test_download_integrity" time="0.043" /><testcase classname="tests.test_business" name="test_crud_and_isolation" time="0.041" /><testcase classname="tests.test_business" name="test_reference_and_delete_restrict" time="0.029" /><testcase classname="tests.test_business" name="test_invalid_patch[patch0]" time="0.024" /><testcase classname="tests.test_business" name="test_invalid_patch[patch1]" time="0.025" /><testcase classname="tests.test_business" name="test_invalid_patch[patch2]" time="0.029" /><testcase classname="tests.test_business" name="test_invalid_patch[patch3]" time="0.022" /><testcase classname="tests.test_business" name="test_invalid_patch[patch4]" time="0.025" /><testcase classname="tests.test_business" name="test_pagination_bounds[limit=0]" time="0.024" /><testcase classname="tests.test_business" name="test_pagination_bounds[limit=201]" time="0.024" /><testcase classname="tests.test_business" name="test_pagination_bounds[offset=-1]" time="0.023" /><testcase classname="tests.test_business" name="test_pagination_bounds[offset=100001]" time="0.023" /><testcase classname="tests.test_business" name="test_search_escapes_wildcard" time="0.176" /><testcase classname="tests.test_business" name="test_schema_and_openapi" time="0.034" /><testcase classname="tests.test_providers" name="test_llm_http_contract" time="0.003" /><testcase classname="tests.test_providers" name="test_llm_errors_are_not_demo_success" time="0.002" /><testcase classname="tests.test_providers" name="test_llm_rejects_markdown_json" time="0.002" /><testcase classname="tests.test_providers" name="test_coder_http_contract_not_live" time="0.001" /><testcase classname="tests.test_providers" name="test_langgraph_demo_when_dependency_installed" time="0.001"><skipped type="pytest.skip" message="could not import 'langgraph': No module named 'langgraph'">/mnt/data/ai-rnd-foundation/tests/test_providers.py:49: could not import 'langgraph': No module named 'langgraph'</skipped></testcase><testcase classname="tests.test_schema" name="test_demo_roundtrip" time="0.001" /><testcase classname="tests.test_schema" name="test_invalid_field_names[../escape]" time="0.000" /><testcase classname="tests.test_schema" name="test_invalid_field_names[UPPER]" time="0.000" /><testcase classname="tests.test_schema" name="test_invalid_field_names[with-dash]" time="0.000" /><testcase classname="tests.test_schema" name="test_invalid_field_names[class]" time="0.000" /><testcase classname="tests.test_schema" name="test_invalid_field_names[a b]" time="0.000" /><testcase classname="tests.test_schema" name="test_invalid_field_names[xxxxxxxxxxxxxxxxxxxxxxxxxxxxxxxxxxxxxxxxx]" time="0.000" /><testcase classname="tests.test_schema" name="test_invalid_field_names[id]" time="0.000" /><testcase classname="tests.test_schema" name="test_invalid_field_names[owner_id]" time="0.000" /><testcase classname="tests.test_schema" name="test_invalid_field_names[created_at]" time="0.000" /><testcase classname="tests.test_schema" name="test_reserved_routes[schema]" time="0.000" /><testcase classname="tests.test_schema" name="test_reserved_routes[docs]" time="0.000" /><testcase classname="tests.test_schema" name="test_reserved_routes[health]" time="0.000" /><testcase classname="tests.test_schema" name="test_reserved_routes[openapi]" time="0.000" /><testcase classname="tests.test_schema" name="test_cycle_rejected" time="0.000" /><testcase classname="tests.test_schema" name="test_unknown_reference_rejected" time="0.000" /><testcase classname="tests.test_schema" name="test_duplicate_fields_rejected" time="0.001" /><testcase classname="tests.test_schema" name="test_extra_fields_rejected" time="0.000" /><testcase classname="tests.test_schema" name="test_long_index_names_fit_postgres" time="0.002" /><testcase classname="tests.test_security" name="test_bad_paths[../file]" time="0.001" /><testcase classname="tests.test_security" name="test_bad_paths[/etc/passwd]" time="0.000" /><testcase classname="tests.test_security" name="test_bad_paths[C:/secret]" time="0.000" /><testcase classname="tests.test_security" name="test_bad_paths[a\\b]" time="0.000" /><testcase classname="tests.test_security" name="test_bad_paths[a/../../b]" time="0.000" /><testcase classname="tests.test_security" name="test_bad_paths[]" time="0.000" /><testcase classname="tests.test_security" name="test_path_and_redaction" time="0.001" /><testcase classname="tests.test_security" name="test_secret_exclusions[.env]" time="0.001" /><testcase classname="tests.test_security" name="test_secret_exclusions[.env.prod]" time="0.001" /><testcase classname="tests.test_security" name="test_secret_exclusions[a.key]" time="0.001" /><testcase classname="tests.test_security" name="test_secret_exclusions[a.pem]" time="0.001" /><testcase classname="tests.test_security" name="test_secret_exclusions[credentials.json]" time="0.001" /><testcase classname="tests.test_security" name="test_secret_exclusions[node_modules/file.js]" time="0.001" /><testcase classname="tests.test_security" name="test_secret_exclusions[.git/config]" time="0.001" /><testcase classname="tests.test_security" name="test_example_env_allowed" time="0.001" /></testsuite></testsuites>